2023-06-05T09:45:48.845Z
cwd: /var/dev/projects/primary-authority-register-prototype
package: govuk-prototype-kit@13.8.0
argv: /usr/local/bin/node ~/.npm/_npx/ab0cb2c39bc0319f/node_modules/.bin/govuk-prototype-kit migrate
Started [Check migration is being applied to a pre v13 prototype]
Succeeded [Check migration is being applied to a pre v13 prototype]
2023-06-05T09:45:57.029Z
cwd: /var/dev/projects/primary-authority-register-prototype
package: govuk-prototype-kit@13.8.0
argv: /usr/local/bin/node /var/dev/projects/primary-authority-register-prototype/node_modules/.bin/govuk-prototype-kit migrate -- /var/dev/projects/primary-authority-register-prototype
Started [Migrate config.js to config.json]
Started [Update application SCSS file]
Started [Deleted files that are no longer needed]
Started [Deleted directories that are no longer needed]
Started [Delete listen-on-port.js]
Started [Delete server.js]
Started [Delete start.js]
Started [Delete VERSION.txt]
Started [Delete Procfile]
Started [Delete app/assets/sass/application-ie8.scss]
Started [Remove unused directory docs]
Started [Remove unused directory lib]
Started [Remove unused directory __tests__]
Succeeded [Migrate config.js to config.json]
Succeeded [Delete server.js]
Succeeded [Delete start.js]
Succeeded [Delete VERSION.txt]
Succeeded [Delete Procfile]
Succeeded [Delete app/assets/sass/application-ie8.scss]
Succeeded [Delete listen-on-port.js]
Succeeded [Deleted files that are no longer needed]
Found [// Add your routes here - above the module.exports line] in [app/routes.js], replacing
Started [Overwrite app/assets/javascripts/application.js]
Started [Overwrite app/views/layout.html]
Started [Overwrite app/filters.js]
Found [// Add extra styles here, or re-organise the Sass files in whichever way makes most sense to you] in [app/assets/sass/application.scss], replacing
Keeping these lines from old file
Copying from [node_modules/govuk-prototype-kit/prototype-starter/app/assets/javascripts/application.js] to [app/assets/javascripts/application.js]
Copying from [node_modules/govuk-prototype-kit/prototype-starter/app/views/layouts/main.html] to [app/views/layout.html]
Started [Delete app/assets/images/separator.png]
Started [Delete app/assets/images/separator-2x.png]
Copying from [node_modules/govuk-prototype-kit/prototype-starter/app/filters.js] to [app/filters.js]
Started [Delete app/assets/javascripts/auto-store-data.js]
Started [Delete app/assets/images/unbranded.ico]
Started [Delete app/assets/sass/unbranded.scss]
Started [Delete app/views/includes/breadcrumb_examples.html]
Started [Delete app/views/includes/head.html]
Started [Delete app/views/includes/cookie-banner.html]
Started [Delete app/views/layout_unbranded.html]
Started [Delete app/assets/javascripts/jquery-1.11.3.js]
Started [Delete app/views/includes/scripts.html]
Started [Delete app/assets/sass/patterns/_mainstream-guide.scss]
Started [Delete app/assets/sass/patterns/_contents-list.scss]
Started [Delete app/assets/sass/patterns/_pagination.scss]
Started [Delete app/assets/sass/patterns/_related-items.scss]
Started [Delete app/assets/sass/patterns/_step-by-step-related.scss]
Started [Delete app/assets/sass/patterns/_step-by-step-header.scss]
Started [Delete app/assets/sass/patterns/_step-by-step-nav.scss]
Started [Delete app/assets/sass/patterns/_step-by-step-navigation.scss]
Started [Delete app/assets/sass/patterns/_task-list.scss]
Keeping these lines from old file
Succeeded [Delete app/assets/images/separator-2x.png]
Succeeded [Delete app/assets/images/separator.png]
Succeeded [Delete app/assets/javascripts/auto-store-data.js]
Succeeded [Delete app/assets/images/unbranded.ico]
Succeeded [Delete app/assets/sass/unbranded.scss]
Succeeded [Delete app/views/includes/breadcrumb_examples.html]
Succeeded [Delete app/views/includes/head.html]
Succeeded [Delete app/views/includes/cookie-banner.html]
Succeeded [Delete app/views/layout_unbranded.html]
Succeeded [Delete app/views/includes/scripts.html]
Succeeded [Delete app/assets/sass/patterns/_mainstream-guide.scss]
Succeeded [Delete app/assets/sass/patterns/_contents-list.scss]
Succeeded [Delete app/assets/sass/patterns/_pagination.scss]
Succeeded [Delete app/assets/sass/patterns/_related-items.scss]
Succeeded [Delete app/assets/sass/patterns/_step-by-step-related.scss]
Succeeded [Delete app/assets/sass/patterns/_step-by-step-header.scss]
Succeeded [Delete app/assets/sass/patterns/_step-by-step-nav.scss]
Succeeded [Delete app/assets/sass/patterns/_step-by-step-navigation.scss]
Succeeded [Delete app/assets/javascripts/jquery-1.11.3.js]
Succeeded [Delete app/assets/sass/patterns/_task-list.scss]
Succeeded [Update application SCSS file]
Succeeded [Remove unused directory __tests__]
//,// For guidance on how to create routes see:,// https://prototype-kit.service.gov.uk/docs/create-routes,//,,const govukPrototypeKit = require('govuk-prototype-kit'),const router = govukPrototypeKit.requests.setupRouter(),,// Add your routes here,,,// Process existing business decision.,router.post('/partnerships/apply/name-process', function (req, res) {,    let answer = req.session.data['name'],,    if (answer === 'Existing Organisation') {,        res.redirect('/partnerships/apply/existing'),    } else {,        res.redirect('/partnerships/apply/registered'),    },}),// Process existing business decision.,router.post('/partnerships/apply/existing-process', function (req, res) {,    let answer = req.session.data['par_data_organisation_id'],,    if (answer === 'new') {,        res.redirect('/partnerships/apply/registered'),    } else {,        res.redirect('/partnerships/apply/review'),    },}),// Process registered business decision.,router.post('/partnerships/apply/registered-process', function (req, res) {,    let answer = req.session.data['registered-organisation'],,    if (answer === 'yes') {,        res.redirect('/partnerships/apply/contact'),    } else {,        res.redirect('/partnerships/apply/address'),    },}),,// Process additional legal entities.,router.post('/partnerships/complete/additional-legal-entities-process', function (req, res) {,    let answer = req.session.data['additional-legal-entities'],,    if (answer === 'yes') {,        res.redirect('/partnerships/complete/add-legal-entity'),    } else {,        res.redirect('/partnerships/complete/review'),    },}),,router.post('/people/add/existing-process', function (req, res) {,    let answer = req.session.data['par_data_person_id'],,    if (answer === 'new') {,        res.redirect('/people/add/contact-details'),    } else {,        res.redirect('/people/manage/update'),    },}),,router.post('/people/add/account-process', function (req, res) {,    let answer = req.session.data['user-account'],,    if (answer === 'yes') {,        res.redirect('/people/add/invite'),    } else {,        res.redirect('/people/add/review'),    },}),,// Process partnership legal entity add type.,router.post('/partnerships/legal-entities/add/type-process', function (req, res) {,    let answer = req.session.data['organisation-type'],,    switch(answer) {,        case 'registered_organisation':,        case 'registered_charity':,            res.redirect('/partnerships/legal-entities/add/choose'),            break;,        default:,            res.redirect('/partnerships/legal-entities/add/check-unregistered'),    },}),,// Process partnership legal entity add check.,router.post('/partnerships/legal-entities/add/check-process', function (req, res) {,    let answer = req.session.data['op'],,    switch(answer) {,        case 'confirm':,            res.redirect('/partnerships/manage/direct'),            break;,        default:,            res.redirect('/partnerships/legal-entities/add/name'),    },}),,module.exports = router,
Found [module.exports = router;,module.exports = router] in [app/routes.js], removing
Succeeded [Remove unused directory lib]
Succeeded [Update routes file]
Succeeded [Overwrite app/filters.js]
Succeeded [Overwrite app/views/layout.html]
Succeeded [Overwrite app/assets/javascripts/application.js]
Succeeded [Remove unused directory docs]
Succeeded [Deleted directories that are no longer needed]
Started [Remove old pattern includes from application SCSS file]
Succeeded [Remove old pattern includes from application SCSS file]
Started [Remove empty directory app/assets/sass/patterns]
Started [Remove empty directory app/assets/images]
Started [Remove empty directory app/views/includes]
Skipped deleting app/assets/images
Skipped deleting app/views/includes
Succeeded [Remove empty directory app/assets/sass/patterns]
